2000.01.31 14:43 B A:\CHAP13\BOUNCE.C --> www.charlespetzold.com /pub/ProgWin31/CHAP13 BOUNCE.C
2000.01.31 14:43 B A:\CHAP13\BOUNCE.DEF --> www.charlespetzold.com /pub/ProgWin31/CHAP13 BOUNCE.DEF
2000.01.31 14:43 B A:\CHAP13\BOUNCE.EXE --> www.charlespetzold.com /pub/ProgWin31/CHAP13 BOUNCE.EXE
2000.01.31 14:43 B A:\CHAP13\BOUNCE.MAK --> www.charlespetzold.com /pub/ProgWin31/CHAP13 BOUNCE.MAK
2000.01.31 14:43 B A:\CHAP13\MFCREATE.C --> www.charlespetzold.com /pub/ProgWin31/CHAP13 MFCREATE.C
2000.01.31 14:43 B A:\CHAP13\MFCREATE.DEF --> www.charlespetzold.com /pub/ProgWin31/CHAP13 MFCREATE.DEF
2000.01.31 14:43 B A:\CHAP13\MFCREATE.EXE --> www.charlespetzold.com /pub/ProgWin31/CHAP13 MFCREATE.EXE
2000.01.31 14:43 B A:\CHAP13\MFCREATE.MAK --> www.charlespetzold.com /pub/ProgWin31/CHAP13 MFCREATE.MAK
2000.01.31 14:43 B A:\CHAP13\MFRESORC.C --> www.charlespetzold.com /pub/ProgWin31/CHAP13 MFRESORC.C
2000.01.31 14:43 B A:\CHAP13\MFRESORC.DEF --> www.charlespetzold.com /pub/ProgWin31/CHAP13 MFRESORC.DEF
2000.01.31 14:43 B A:\CHAP13\MFRESORC.EXE --> www.charlespetzold.com /pub/ProgWin31/CHAP13 MFRESORC.EXE
2000.01.31 14:43 B A:\CHAP13\MFRESORC.MAK --> www.charlespetzold.com /pub/ProgWin31/CHAP13 MFRESORC.MAK
2000.01.31 14:43 B A:\CHAP13\MFRESORC.RC --> www.charlespetzold.com /pub/ProgWin31/CHAP13 MFRESORC.RC
2000.01.31 14:43 B A:\CHAP13\MYLOGO.WMF --> www.charlespetzold.com /pub/ProgWin31/CHAP13 MYLOGO.WMF
2000.01.31 14:43 B A:\CHAP13\SCRAMBLE.C --> www.charlespetzold.com /pub/ProgWin31/CHAP13 SCRAMBLE.C
2000.01.31 14:43 B A:\CHAP13\SCRAMBLE.DEF --> www.charlespetzold.com /pub/ProgWin31/CHAP13 SCRAMBLE.DEF
2000.01.31 14:43 B A:\CHAP13\SCRAMBLE.EXE --> www.charlespetzold.com /pub/ProgWin31/CHAP13 SCRAMBLE.EXE
2000.01.31 14:43 B A:\CHAP13\SCRAMBLE.MAK --> www.charlespetzold.com /pub/ProgWin31/CHAP13 SCRAMBLE.MAK
2000.01.31 14:43 B A:\CHAP13\SHOWDIB.C --> www.charlespetzold.com /pub/ProgWin31/CHAP13 SHOWDIB.C
2000.01.31 14:43 B A:\CHAP13\SHOWDIB.DEF --> www.charlespetzold.com /pub/ProgWin31/CHAP13 SHOWDIB.DEF
2000.01.31 14:43 B A:\CHAP13\SHOWDIB.EXE --> www.charlespetzold.com /pub/ProgWin31/CHAP13 SHOWDIB.EXE
2000.01.31 14:43 B A:\CHAP13\SHOWDIB.H --> www.charlespetzold.com /pub/ProgWin31/CHAP13 SHOWDIB.H
2000.01.31 14:43 B A:\CHAP13\SHOWDIB.MAK --> www.charlespetzold.com /pub/ProgWin31/CHAP13 SHOWDIB.MAK
2000.01.31 14:43 B A:\CHAP13\SHOWDIB.RC --> www.charlespetzold.com /pub/ProgWin31/CHAP13 SHOWDIB.RC
