2000.01.31 14:43 B A:\CHAP14\FONTLIST.C --> www.charlespetzold.com /pub/ProgWin31/CHAP14 FONTLIST.C
2000.01.31 14:43 B A:\CHAP14\FONTLIST.DEF --> www.charlespetzold.com /pub/ProgWin31/CHAP14 FONTLIST.DEF
2000.01.31 14:43 B A:\CHAP14\FONTLIST.EXE --> www.charlespetzold.com /pub/ProgWin31/CHAP14 FONTLIST.EXE
2000.01.31 14:43 B A:\CHAP14\FONTLIST.H --> www.charlespetzold.com /pub/ProgWin31/CHAP14 FONTLIST.H
2000.01.31 14:44 B A:\CHAP14\FONTLIST.MAK --> www.charlespetzold.com /pub/ProgWin31/CHAP14 FONTLIST.MAK
2000.01.31 14:44 B A:\CHAP14\FONTLIST.RC --> www.charlespetzold.com /pub/ProgWin31/CHAP14 FONTLIST.RC
2000.01.31 14:44 B A:\CHAP14\JUSTIFY.ASC --> www.charlespetzold.com /pub/ProgWin31/CHAP14 JUSTIFY.ASC
2000.01.31 14:44 B A:\CHAP14\JUSTIFY.C --> www.charlespetzold.com /pub/ProgWin31/CHAP14 JUSTIFY.C
2000.01.31 14:44 B A:\CHAP14\JUSTIFY.DEF --> www.charlespetzold.com /pub/ProgWin31/CHAP14 JUSTIFY.DEF
2000.01.31 14:44 B A:\CHAP14\JUSTIFY.EXE --> www.charlespetzold.com /pub/ProgWin31/CHAP14 JUSTIFY.EXE
2000.01.31 14:44 B A:\CHAP14\JUSTIFY.H --> www.charlespetzold.com /pub/ProgWin31/CHAP14 JUSTIFY.H
2000.01.31 14:44 B A:\CHAP14\JUSTIFY.MAK --> www.charlespetzold.com /pub/ProgWin31/CHAP14 JUSTIFY.MAK
2000.01.31 14:44 B A:\CHAP14\JUSTIFY.RC --> www.charlespetzold.com /pub/ProgWin31/CHAP14 JUSTIFY.RC
2000.01.31 14:44 B A:\CHAP14\PICKFONT.C --> www.charlespetzold.com /pub/ProgWin31/CHAP14 PICKFONT.C
2000.01.31 14:44 B A:\CHAP14\PICKFONT.DEF --> www.charlespetzold.com /pub/ProgWin31/CHAP14 PICKFONT.DEF
2000.01.31 14:44 B A:\CHAP14\PICKFONT.EXE --> www.charlespetzold.com /pub/ProgWin31/CHAP14 PICKFONT.EXE
2000.01.31 14:44 B A:\CHAP14\PICKFONT.H --> www.charlespetzold.com /pub/ProgWin31/CHAP14 PICKFONT.H
2000.01.31 14:44 B A:\CHAP14\PICKFONT.MAK --> www.charlespetzold.com /pub/ProgWin31/CHAP14 PICKFONT.MAK
2000.01.31 14:44 B A:\CHAP14\PICKFONT.RC --> www.charlespetzold.com /pub/ProgWin31/CHAP14 PICKFONT.RC
2000.01.31 14:44 B A:\CHAP14\POPFILE.C --> www.charlespetzold.com /pub/ProgWin31/CHAP14 POPFILE.C
2000.01.31 14:44 B A:\CHAP14\POPFIND.C --> www.charlespetzold.com /pub/ProgWin31/CHAP14 POPFIND.C
2000.01.31 14:44 B A:\CHAP14\POPFONT.C --> www.charlespetzold.com /pub/ProgWin31/CHAP14 POPFONT.C
2000.01.31 14:44 B A:\CHAP14\POPPAD.C --> www.charlespetzold.com /pub/ProgWin31/CHAP14 POPPAD.C
2000.01.31 14:44 B A:\CHAP14\POPPAD.DEF --> www.charlespetzold.com /pub/ProgWin31/CHAP14 POPPAD.DEF
2000.01.31 14:44 B A:\CHAP14\POPPAD.H --> www.charlespetzold.com /pub/ProgWin31/CHAP14 POPPAD.H
2000.01.31 14:44 B A:\CHAP14\POPPAD.ICO --> www.charlespetzold.com /pub/ProgWin31/CHAP14 POPPAD.ICO
2000.01.31 14:44 B A:\CHAP14\POPPAD.RC --> www.charlespetzold.com /pub/ProgWin31/CHAP14 POPPAD.RC
2000.01.31 14:44 B A:\CHAP14\POPPAD4.EXE --> www.charlespetzold.com /pub/ProgWin31/CHAP14 POPPAD4.EXE
2000.01.31 14:44 B A:\CHAP14\POPPAD4.MAK --> www.charlespetzold.com /pub/ProgWin31/CHAP14 POPPAD4.MAK
2000.01.31 14:44 B A:\CHAP14\POPPRNT0.C --> www.charlespetzold.com /pub/ProgWin31/CHAP14 POPPRNT0.C
