2000.01.31 14:36 B A:\CHAP04\BLOWUP1.C --> www.charlespetzold.com /pub/ProgWin31/CHAP04 BLOWUP1.C
2000.01.31 14:36 B A:\CHAP04\BLOWUP1.DEF --> www.charlespetzold.com /pub/ProgWin31/CHAP04 BLOWUP1.DEF
2000.01.31 14:36 B A:\CHAP04\BLOWUP1.EXE --> www.charlespetzold.com /pub/ProgWin31/CHAP04 BLOWUP1.EXE
2000.01.31 14:36 B A:\CHAP04\BLOWUP1.MAK --> www.charlespetzold.com /pub/ProgWin31/CHAP04 BLOWUP1.MAK
2000.01.31 14:36 B A:\CHAP04\CHECKER1.C --> www.charlespetzold.com /pub/ProgWin31/CHAP04 CHECKER1.C
2000.01.31 14:36 B A:\CHAP04\CHECKER1.DEF --> www.charlespetzold.com /pub/ProgWin31/CHAP04 CHECKER1.DEF
2000.01.31 14:36 B A:\CHAP04\CHECKER1.EXE --> www.charlespetzold.com /pub/ProgWin31/CHAP04 CHECKER1.EXE
2000.01.31 14:36 B A:\CHAP04\CHECKER1.MAK --> www.charlespetzold.com /pub/ProgWin31/CHAP04 CHECKER1.MAK
2000.01.31 14:36 B A:\CHAP04\CHECKER2.C --> www.charlespetzold.com /pub/ProgWin31/CHAP04 CHECKER2.C
2000.01.31 14:36 B A:\CHAP04\CHECKER2.DEF --> www.charlespetzold.com /pub/ProgWin31/CHAP04 CHECKER2.DEF
2000.01.31 14:36 B A:\CHAP04\CHECKER2.EXE --> www.charlespetzold.com /pub/ProgWin31/CHAP04 CHECKER2.EXE
2000.01.31 14:36 B A:\CHAP04\CHECKER2.MAK --> www.charlespetzold.com /pub/ProgWin31/CHAP04 CHECKER2.MAK
2000.01.31 14:36 B A:\CHAP04\CHECKER3.C --> www.charlespetzold.com /pub/ProgWin31/CHAP04 CHECKER3.C
2000.01.31 14:36 B A:\CHAP04\CHECKER3.DEF --> www.charlespetzold.com /pub/ProgWin31/CHAP04 CHECKER3.DEF
2000.01.31 14:36 B A:\CHAP04\CHECKER3.EXE --> www.charlespetzold.com /pub/ProgWin31/CHAP04 CHECKER3.EXE
2000.01.31 14:36 B A:\CHAP04\CHECKER3.MAK --> www.charlespetzold.com /pub/ProgWin31/CHAP04 CHECKER3.MAK
2000.01.31 14:36 B A:\CHAP04\CONNECT.C --> www.charlespetzold.com /pub/ProgWin31/CHAP04 CONNECT.C
2000.01.31 14:36 B A:\CHAP04\CONNECT.DEF --> www.charlespetzold.com /pub/ProgWin31/CHAP04 CONNECT.DEF
2000.01.31 14:36 B A:\CHAP04\CONNECT.EXE --> www.charlespetzold.com /pub/ProgWin31/CHAP04 CONNECT.EXE
2000.01.31 14:36 B A:\CHAP04\CONNECT.MAK --> www.charlespetzold.com /pub/ProgWin31/CHAP04 CONNECT.MAK
