2000.01.31 14:40 B A:\CHAP10\ABOUT1.C --> www.charlespetzold.com /pub/ProgWin31/CHAP10 ABOUT1.C
2000.01.31 14:40 B A:\CHAP10\ABOUT1.DEF --> www.charlespetzold.com /pub/ProgWin31/CHAP10 ABOUT1.DEF
2000.01.31 14:40 B A:\CHAP10\ABOUT1.EXE --> www.charlespetzold.com /pub/ProgWin31/CHAP10 ABOUT1.EXE
2000.01.31 14:40 B A:\CHAP10\ABOUT1.H --> www.charlespetzold.com /pub/ProgWin31/CHAP10 ABOUT1.H
2000.01.31 14:40 B A:\CHAP10\ABOUT1.ICO --> www.charlespetzold.com /pub/ProgWin31/CHAP10 ABOUT1.ICO
2000.01.31 14:40 B A:\CHAP10\ABOUT1.MAK --> www.charlespetzold.com /pub/ProgWin31/CHAP10 ABOUT1.MAK
2000.01.31 14:40 B A:\CHAP10\ABOUT1.RC --> www.charlespetzold.com /pub/ProgWin31/CHAP10 ABOUT1.RC
2000.01.31 14:40 B A:\CHAP10\ABOUT2.C --> www.charlespetzold.com /pub/ProgWin31/CHAP10 ABOUT2.C
2000.01.31 14:40 B A:\CHAP10\ABOUT2.DEF --> www.charlespetzold.com /pub/ProgWin31/CHAP10 ABOUT2.DEF
2000.01.31 14:40 B A:\CHAP10\ABOUT2.EXE --> www.charlespetzold.com /pub/ProgWin31/CHAP10 ABOUT2.EXE
2000.01.31 14:40 B A:\CHAP10\ABOUT2.H --> www.charlespetzold.com /pub/ProgWin31/CHAP10 ABOUT2.H
2000.01.31 14:40 B A:\CHAP10\ABOUT2.ICO --> www.charlespetzold.com /pub/ProgWin31/CHAP10 ABOUT2.ICO
2000.01.31 14:40 B A:\CHAP10\ABOUT2.MAK --> www.charlespetzold.com /pub/ProgWin31/CHAP10 ABOUT2.MAK
2000.01.31 14:40 B A:\CHAP10\ABOUT2.RC --> www.charlespetzold.com /pub/ProgWin31/CHAP10 ABOUT2.RC
2000.01.31 14:40 B A:\CHAP10\ABOUT3.C --> www.charlespetzold.com /pub/ProgWin31/CHAP10 ABOUT3.C
2000.01.31 14:40 B A:\CHAP10\ABOUT3.DEF --> www.charlespetzold.com /pub/ProgWin31/CHAP10 ABOUT3.DEF
2000.01.31 14:40 B A:\CHAP10\ABOUT3.EXE --> www.charlespetzold.com /pub/ProgWin31/CHAP10 ABOUT3.EXE
2000.01.31 14:40 B A:\CHAP10\ABOUT3.H --> www.charlespetzold.com /pub/ProgWin31/CHAP10 ABOUT3.H
2000.01.31 14:40 B A:\CHAP10\ABOUT3.ICO --> www.charlespetzold.com /pub/ProgWin31/CHAP10 ABOUT3.ICO
2000.01.31 14:40 B A:\CHAP10\ABOUT3.MAK --> www.charlespetzold.com /pub/ProgWin31/CHAP10 ABOUT3.MAK
2000.01.31 14:40 B A:\CHAP10\ABOUT3.RC --> www.charlespetzold.com /pub/ProgWin31/CHAP10 ABOUT3.RC
2000.01.31 14:40 B A:\CHAP10\COLORS2.C --> www.charlespetzold.com /pub/ProgWin31/CHAP10 COLORS2.C
2000.01.31 14:40 B A:\CHAP10\COLORS2.DEF --> www.charlespetzold.com /pub/ProgWin31/CHAP10 COLORS2.DEF
2000.01.31 14:41 B A:\CHAP10\COLORS2.EXE --> www.charlespetzold.com /pub/ProgWin31/CHAP10 COLORS2.EXE
2000.01.31 14:41 B A:\CHAP10\COLORS2.MAK --> www.charlespetzold.com /pub/ProgWin31/CHAP10 COLORS2.MAK
2000.01.31 14:41 B A:\CHAP10\COLORS2.RC --> www.charlespetzold.com /pub/ProgWin31/CHAP10 COLORS2.RC
2000.01.31 14:41 B A:\CHAP10\COLORS3.C --> www.charlespetzold.com /pub/ProgWin31/CHAP10 COLORS3.C
2000.01.31 14:41 B A:\CHAP10\COLORS3.DEF --> www.charlespetzold.com /pub/ProgWin31/CHAP10 COLORS3.DEF
2000.01.31 14:41 B A:\CHAP10\COLORS3.EXE --> www.charlespetzold.com /pub/ProgWin31/CHAP10 COLORS3.EXE
2000.01.31 14:41 B A:\CHAP10\COLORS3.MAK --> www.charlespetzold.com /pub/ProgWin31/CHAP10 COLORS3.MAK
2000.01.31 14:41 B A:\CHAP10\HEXCALC.C --> www.charlespetzold.com /pub/ProgWin31/CHAP10 HEXCALC.C
2000.01.31 14:41 B A:\CHAP10\HEXCALC.DEF --> www.charlespetzold.com /pub/ProgWin31/CHAP10 HEXCALC.DEF
2000.01.31 14:41 B A:\CHAP10\HEXCALC.EXE --> www.charlespetzold.com /pub/ProgWin31/CHAP10 HEXCALC.EXE
2000.01.31 14:41 B A:\CHAP10\HEXCALC.ICO --> www.charlespetzold.com /pub/ProgWin31/CHAP10 HEXCALC.ICO
2000.01.31 14:41 B A:\CHAP10\HEXCALC.MAK --> www.charlespetzold.com /pub/ProgWin31/CHAP10 HEXCALC.MAK
2000.01.31 14:41 B A:\CHAP10\HEXCALC.RC --> www.charlespetzold.com /pub/ProgWin31/CHAP10 HEXCALC.RC
2000.01.31 14:41 B A:\CHAP10\POPFILE.C --> www.charlespetzold.com /pub/ProgWin31/CHAP10 POPFILE.C
2000.01.31 14:41 B A:\CHAP10\POPFIND.C --> www.charlespetzold.com /pub/ProgWin31/CHAP10 POPFIND.C
2000.01.31 14:41 B A:\CHAP10\POPFONT0.C --> www.charlespetzold.com /pub/ProgWin31/CHAP10 POPFONT0.C
2000.01.31 14:41 B A:\CHAP10\POPPAD.C --> www.charlespetzold.com /pub/ProgWin31/CHAP10 POPPAD.C
2000.01.31 14:41 B A:\CHAP10\POPPAD.DEF --> www.charlespetzold.com /pub/ProgWin31/CHAP10 POPPAD.DEF
2000.01.31 14:41 B A:\CHAP10\POPPAD.H --> www.charlespetzold.com /pub/ProgWin31/CHAP10 POPPAD.H
2000.01.31 14:41 B A:\CHAP10\POPPAD.ICO --> www.charlespetzold.com /pub/ProgWin31/CHAP10 POPPAD.ICO
2000.01.31 14:41 B A:\CHAP10\POPPAD.RC --> www.charlespetzold.com /pub/ProgWin31/CHAP10 POPPAD.RC
2000.01.31 14:41 B A:\CHAP10\POPPAD3.EXE --> www.charlespetzold.com /pub/ProgWin31/CHAP10 POPPAD3.EXE
2000.01.31 14:41 B A:\CHAP10\POPPAD3.MAK --> www.charlespetzold.com /pub/ProgWin31/CHAP10 POPPAD3.MAK
2000.01.31 14:41 B A:\CHAP10\POPPRNT0.C --> www.charlespetzold.com /pub/ProgWin31/CHAP10 POPPRNT0.C
