2000.01.31 14:44 B A:\CHAP15\DEVCAPS.C --> www.charlespetzold.com /pub/ProgWin31/CHAP15 DEVCAPS.C
2000.01.31 14:45 B A:\CHAP15\DEVCAPS2.C --> www.charlespetzold.com /pub/ProgWin31/CHAP15 DEVCAPS2.C
2000.01.31 14:45 B A:\CHAP15\DEVCAPS2.DEF --> www.charlespetzold.com /pub/ProgWin31/CHAP15 DEVCAPS2.DEF
2000.01.31 14:45 B A:\CHAP15\DEVCAPS2.EXE --> www.charlespetzold.com /pub/ProgWin31/CHAP15 DEVCAPS2.EXE
2000.01.31 14:45 B A:\CHAP15\DEVCAPS2.H --> www.charlespetzold.com /pub/ProgWin31/CHAP15 DEVCAPS2.H
2000.01.31 14:45 B A:\CHAP15\DEVCAPS2.MAK --> www.charlespetzold.com /pub/ProgWin31/CHAP15 DEVCAPS2.MAK
2000.01.31 14:45 B A:\CHAP15\DEVCAPS2.RC --> www.charlespetzold.com /pub/ProgWin31/CHAP15 DEVCAPS2.RC
2000.01.31 14:45 B A:\CHAP15\FORMFEED.C --> www.charlespetzold.com /pub/ProgWin31/CHAP15 FORMFEED.C
2000.01.31 14:45 B A:\CHAP15\FORMFEED.DEF --> www.charlespetzold.com /pub/ProgWin31/CHAP15 FORMFEED.DEF
2000.01.31 14:45 B A:\CHAP15\FORMFEED.EXE --> www.charlespetzold.com /pub/ProgWin31/CHAP15 FORMFEED.EXE
2000.01.31 14:45 B A:\CHAP15\FORMFEED.MAK --> www.charlespetzold.com /pub/ProgWin31/CHAP15 FORMFEED.MAK
2000.01.31 14:45 B A:\CHAP15\POPFILE.C --> www.charlespetzold.com /pub/ProgWin31/CHAP15 POPFILE.C
2000.01.31 14:45 B A:\CHAP15\POPFIND.C --> www.charlespetzold.com /pub/ProgWin31/CHAP15 POPFIND.C
2000.01.31 14:45 B A:\CHAP15\POPFONT.C --> www.charlespetzold.com /pub/ProgWin31/CHAP15 POPFONT.C
2000.01.31 14:45 B A:\CHAP15\POPPAD.C --> www.charlespetzold.com /pub/ProgWin31/CHAP15 POPPAD.C
2000.01.31 14:45 B A:\CHAP15\POPPAD.DEF --> www.charlespetzold.com /pub/ProgWin31/CHAP15 POPPAD.DEF
2000.01.31 14:45 B A:\CHAP15\POPPAD.EXE --> www.charlespetzold.com /pub/ProgWin31/CHAP15 POPPAD.EXE
2000.01.31 14:45 B A:\CHAP15\POPPAD.H --> www.charlespetzold.com /pub/ProgWin31/CHAP15 POPPAD.H
2000.01.31 14:45 B A:\CHAP15\POPPAD.ICO --> www.charlespetzold.com /pub/ProgWin31/CHAP15 POPPAD.ICO
2000.01.31 14:45 B A:\CHAP15\POPPAD.MAK --> www.charlespetzold.com /pub/ProgWin31/CHAP15 POPPAD.MAK
2000.01.31 14:45 B A:\CHAP15\POPPAD.RC --> www.charlespetzold.com /pub/ProgWin31/CHAP15 POPPAD.RC
2000.01.31 14:45 B A:\CHAP15\POPPRNT.C --> www.charlespetzold.com /pub/ProgWin31/CHAP15 POPPRNT.C
2000.01.31 14:45 B A:\CHAP15\PRINT.C --> www.charlespetzold.com /pub/ProgWin31/CHAP15 PRINT.C
2000.01.31 14:45 B A:\CHAP15\PRINT.RC --> www.charlespetzold.com /pub/ProgWin31/CHAP15 PRINT.RC
2000.01.31 14:45 B A:\CHAP15\PRINT1.C --> www.charlespetzold.com /pub/ProgWin31/CHAP15 PRINT1.C
2000.01.31 14:45 B A:\CHAP15\PRINT1.DEF --> www.charlespetzold.com /pub/ProgWin31/CHAP15 PRINT1.DEF
2000.01.31 14:45 B A:\CHAP15\PRINT1.EXE --> www.charlespetzold.com /pub/ProgWin31/CHAP15 PRINT1.EXE
2000.01.31 14:45 B A:\CHAP15\PRINT1.MAK --> www.charlespetzold.com /pub/ProgWin31/CHAP15 PRINT1.MAK
2000.01.31 14:45 B A:\CHAP15\PRINT2.C --> www.charlespetzold.com /pub/ProgWin31/CHAP15 PRINT2.C
2000.01.31 14:45 B A:\CHAP15\PRINT2.DEF --> www.charlespetzold.com /pub/ProgWin31/CHAP15 PRINT2.DEF
2000.01.31 14:45 B A:\CHAP15\PRINT2.EXE --> www.charlespetzold.com /pub/ProgWin31/CHAP15 PRINT2.EXE
2000.01.31 14:45 B A:\CHAP15\PRINT2.MAK --> www.charlespetzold.com /pub/ProgWin31/CHAP15 PRINT2.MAK
2000.01.31 14:45 B A:\CHAP15\PRINT3.C --> www.charlespetzold.com /pub/ProgWin31/CHAP15 PRINT3.C
2000.01.31 14:45 B A:\CHAP15\PRINT3.DEF --> www.charlespetzold.com /pub/ProgWin31/CHAP15 PRINT3.DEF
2000.01.31 14:46 B A:\CHAP15\PRINT3.EXE --> www.charlespetzold.com /pub/ProgWin31/CHAP15 PRINT3.EXE
2000.01.31 14:46 B A:\CHAP15\PRINT3.MAK --> www.charlespetzold.com /pub/ProgWin31/CHAP15 PRINT3.MAK
2000.01.31 14:46 B A:\CHAP15\PRINT4.C --> www.charlespetzold.com /pub/ProgWin31/CHAP15 PRINT4.C
2000.01.31 14:46 B A:\CHAP15\PRINT4.DEF --> www.charlespetzold.com /pub/ProgWin31/CHAP15 PRINT4.DEF
2000.01.31 14:46 B A:\CHAP15\PRINT4.EXE --> www.charlespetzold.com /pub/ProgWin31/CHAP15 PRINT4.EXE
2000.01.31 14:46 B A:\CHAP15\PRINT4.MAK --> www.charlespetzold.com /pub/ProgWin31/CHAP15 PRINT4.MAK
