2000.01.31 14:38 B A:\CHAP09\BIGHELP.BMP --> www.charlespetzold.com /pub/ProgWin31/CHAP09 BIGHELP.BMP
2000.01.31 14:38 B A:\CHAP09\EDITLABL.BMP --> www.charlespetzold.com /pub/ProgWin31/CHAP09 EDITLABL.BMP
2000.01.31 14:38 B A:\CHAP09\FILELABL.BMP --> www.charlespetzold.com /pub/ProgWin31/CHAP09 FILELABL.BMP
2000.01.31 14:38 B A:\CHAP09\FONTLABL.BMP --> www.charlespetzold.com /pub/ProgWin31/CHAP09 FONTLABL.BMP
2000.01.31 14:38 B A:\CHAP09\GRAFMENU.C --> www.charlespetzold.com /pub/ProgWin31/CHAP09 GRAFMENU.C
2000.01.31 14:38 B A:\CHAP09\GRAFMENU.DEF --> www.charlespetzold.com /pub/ProgWin31/CHAP09 GRAFMENU.DEF
2000.01.31 14:38 B A:\CHAP09\GRAFMENU.EXE --> www.charlespetzold.com /pub/ProgWin31/CHAP09 GRAFMENU.EXE
2000.01.31 14:39 B A:\CHAP09\GRAFMENU.H --> www.charlespetzold.com /pub/ProgWin31/CHAP09 GRAFMENU.H
2000.01.31 14:39 B A:\CHAP09\GRAFMENU.MAK --> www.charlespetzold.com /pub/ProgWin31/CHAP09 GRAFMENU.MAK
2000.01.31 14:39 B A:\CHAP09\GRAFMENU.RC --> www.charlespetzold.com /pub/ProgWin31/CHAP09 GRAFMENU.RC
2000.01.31 14:39 B A:\CHAP09\MENUDEMO.C --> www.charlespetzold.com /pub/ProgWin31/CHAP09 MENUDEMO.C
2000.01.31 14:39 B A:\CHAP09\MENUDEMO.DEF --> www.charlespetzold.com /pub/ProgWin31/CHAP09 MENUDEMO.DEF
2000.01.31 14:39 B A:\CHAP09\MENUDEMO.EXE --> www.charlespetzold.com /pub/ProgWin31/CHAP09 MENUDEMO.EXE
2000.01.31 14:39 B A:\CHAP09\MENUDEMO.H --> www.charlespetzold.com /pub/ProgWin31/CHAP09 MENUDEMO.H
2000.01.31 14:39 B A:\CHAP09\MENUDEMO.MAK --> www.charlespetzold.com /pub/ProgWin31/CHAP09 MENUDEMO.MAK
2000.01.31 14:39 B A:\CHAP09\MENUDEMO.RC --> www.charlespetzold.com /pub/ProgWin31/CHAP09 MENUDEMO.RC
2000.01.31 14:39 B A:\CHAP09\NOPOPUPS.C --> www.charlespetzold.com /pub/ProgWin31/CHAP09 NOPOPUPS.C
2000.01.31 14:39 B A:\CHAP09\NOPOPUPS.DEF --> www.charlespetzold.com /pub/ProgWin31/CHAP09 NOPOPUPS.DEF
2000.01.31 14:39 B A:\CHAP09\NOPOPUPS.EXE --> www.charlespetzold.com /pub/ProgWin31/CHAP09 NOPOPUPS.EXE
2000.01.31 14:39 B A:\CHAP09\NOPOPUPS.H --> www.charlespetzold.com /pub/ProgWin31/CHAP09 NOPOPUPS.H
2000.01.31 14:39 B A:\CHAP09\NOPOPUPS.MAK --> www.charlespetzold.com /pub/ProgWin31/CHAP09 NOPOPUPS.MAK
2000.01.31 14:39 B A:\CHAP09\NOPOPUPS.RC --> www.charlespetzold.com /pub/ProgWin31/CHAP09 NOPOPUPS.RC
2000.01.31 14:39 B A:\CHAP09\POORMENU.C --> www.charlespetzold.com /pub/ProgWin31/CHAP09 POORMENU.C
2000.01.31 14:39 B A:\CHAP09\POORMENU.DEF --> www.charlespetzold.com /pub/ProgWin31/CHAP09 POORMENU.DEF
2000.01.31 14:39 B A:\CHAP09\POORMENU.EXE --> www.charlespetzold.com /pub/ProgWin31/CHAP09 POORMENU.EXE
2000.01.31 14:39 B A:\CHAP09\POORMENU.MAK --> www.charlespetzold.com /pub/ProgWin31/CHAP09 POORMENU.MAK
2000.01.31 14:39 B A:\CHAP09\POPMENU.C --> www.charlespetzold.com /pub/ProgWin31/CHAP09 POPMENU.C
2000.01.31 14:39 B A:\CHAP09\POPMENU.DEF --> www.charlespetzold.com /pub/ProgWin31/CHAP09 POPMENU.DEF
2000.01.31 14:39 B A:\CHAP09\POPMENU.EXE --> www.charlespetzold.com /pub/ProgWin31/CHAP09 POPMENU.EXE
2000.01.31 14:39 B A:\CHAP09\POPMENU.H --> www.charlespetzold.com /pub/ProgWin31/CHAP09 POPMENU.H
2000.01.31 14:39 B A:\CHAP09\POPMENU.MAK --> www.charlespetzold.com /pub/ProgWin31/CHAP09 POPMENU.MAK
2000.01.31 14:39 B A:\CHAP09\POPMENU.RC --> www.charlespetzold.com /pub/ProgWin31/CHAP09 POPMENU.RC
2000.01.31 14:39 B A:\CHAP09\POPPAD2.C --> www.charlespetzold.com /pub/ProgWin31/CHAP09 POPPAD2.C
2000.01.31 14:39 B A:\CHAP09\POPPAD2.DEF --> www.charlespetzold.com /pub/ProgWin31/CHAP09 POPPAD2.DEF
2000.01.31 14:39 B A:\CHAP09\POPPAD2.EXE --> www.charlespetzold.com /pub/ProgWin31/CHAP09 POPPAD2.EXE
2000.01.31 14:40 B A:\CHAP09\POPPAD2.H --> www.charlespetzold.com /pub/ProgWin31/CHAP09 POPPAD2.H
2000.01.31 14:40 B A:\CHAP09\POPPAD2.ICO --> www.charlespetzold.com /pub/ProgWin31/CHAP09 POPPAD2.ICO
2000.01.31 14:40 B A:\CHAP09\POPPAD2.MAK --> www.charlespetzold.com /pub/ProgWin31/CHAP09 POPPAD2.MAK
2000.01.31 14:40 B A:\CHAP09\POPPAD2.RC --> www.charlespetzold.com /pub/ProgWin31/CHAP09 POPPAD2.RC
