2000.01.31 14:37 B A:\CHAP06\BTNLOOK.C --> www.charlespetzold.com /pub/ProgWin31/CHAP06 BTNLOOK.C
2000.01.31 14:37 B A:\CHAP06\BTNLOOK.DEF --> www.charlespetzold.com /pub/ProgWin31/CHAP06 BTNLOOK.DEF
2000.01.31 14:37 B A:\CHAP06\BTNLOOK.EXE --> www.charlespetzold.com /pub/ProgWin31/CHAP06 BTNLOOK.EXE
2000.01.31 14:37 B A:\CHAP06\BTNLOOK.MAK --> www.charlespetzold.com /pub/ProgWin31/CHAP06 BTNLOOK.MAK
2000.01.31 14:37 B A:\CHAP06\COLORS1.C --> www.charlespetzold.com /pub/ProgWin31/CHAP06 COLORS1.C
2000.01.31 14:37 B A:\CHAP06\COLORS1.DEF --> www.charlespetzold.com /pub/ProgWin31/CHAP06 COLORS1.DEF
2000.01.31 14:37 B A:\CHAP06\COLORS1.EXE --> www.charlespetzold.com /pub/ProgWin31/CHAP06 COLORS1.EXE
2000.01.31 14:37 B A:\CHAP06\COLORS1.MAK --> www.charlespetzold.com /pub/ProgWin31/CHAP06 COLORS1.MAK
2000.01.31 14:37 B A:\CHAP06\ENVIRON.C --> www.charlespetzold.com /pub/ProgWin31/CHAP06 ENVIRON.C
2000.01.31 14:37 B A:\CHAP06\ENVIRON.DEF --> www.charlespetzold.com /pub/ProgWin31/CHAP06 ENVIRON.DEF
2000.01.31 14:37 B A:\CHAP06\ENVIRON.EXE --> www.charlespetzold.com /pub/ProgWin31/CHAP06 ENVIRON.EXE
2000.01.31 14:37 B A:\CHAP06\ENVIRON.MAK --> www.charlespetzold.com /pub/ProgWin31/CHAP06 ENVIRON.MAK
2000.01.31 14:37 B A:\CHAP06\HEAD.C --> www.charlespetzold.com /pub/ProgWin31/CHAP06 HEAD.C
2000.01.31 14:37 B A:\CHAP06\HEAD.DEF --> www.charlespetzold.com /pub/ProgWin31/CHAP06 HEAD.DEF
2000.01.31 14:37 B A:\CHAP06\HEAD.EXE --> www.charlespetzold.com /pub/ProgWin31/CHAP06 HEAD.EXE
2000.01.31 14:37 B A:\CHAP06\HEAD.MAK --> www.charlespetzold.com /pub/ProgWin31/CHAP06 HEAD.MAK
2000.01.31 14:37 B A:\CHAP06\OWNERDRW.C --> www.charlespetzold.com /pub/ProgWin31/CHAP06 OWNERDRW.C
2000.01.31 14:37 B A:\CHAP06\OWNERDRW.DEF --> www.charlespetzold.com /pub/ProgWin31/CHAP06 OWNERDRW.DEF
2000.01.31 14:37 B A:\CHAP06\OWNERDRW.EXE --> www.charlespetzold.com /pub/ProgWin31/CHAP06 OWNERDRW.EXE
2000.01.31 14:37 B A:\CHAP06\OWNERDRW.MAK --> www.charlespetzold.com /pub/ProgWin31/CHAP06 OWNERDRW.MAK
2000.01.31 14:38 B A:\CHAP06\POPPAD1.C --> www.charlespetzold.com /pub/ProgWin31/CHAP06 POPPAD1.C
2000.01.31 14:38 B A:\CHAP06\POPPAD1.DEF --> www.charlespetzold.com /pub/ProgWin31/CHAP06 POPPAD1.DEF
2000.01.31 14:38 B A:\CHAP06\POPPAD1.EXE --> www.charlespetzold.com /pub/ProgWin31/CHAP06 POPPAD1.EXE
2000.01.31 14:38 B A:\CHAP06\POPPAD1.MAK --> www.charlespetzold.com /pub/ProgWin31/CHAP06 POPPAD1.MAK
