2000.01.31 14:38 B A:\CHAP08\POEPOEM.ASC --> www.charlespetzold.com /pub/ProgWin31/CHAP08 POEPOEM.ASC
2000.01.31 14:38 B A:\CHAP08\POEPOEM.C --> www.charlespetzold.com /pub/ProgWin31/CHAP08 POEPOEM.C
2000.01.31 14:38 B A:\CHAP08\POEPOEM.DEF --> www.charlespetzold.com /pub/ProgWin31/CHAP08 POEPOEM.DEF
2000.01.31 14:38 B A:\CHAP08\POEPOEM.EXE --> www.charlespetzold.com /pub/ProgWin31/CHAP08 POEPOEM.EXE
2000.01.31 14:38 B A:\CHAP08\POEPOEM.H --> www.charlespetzold.com /pub/ProgWin31/CHAP08 POEPOEM.H
2000.01.31 14:38 B A:\CHAP08\POEPOEM.ICO --> www.charlespetzold.com /pub/ProgWin31/CHAP08 POEPOEM.ICO
2000.01.31 14:38 B A:\CHAP08\POEPOEM.MAK --> www.charlespetzold.com /pub/ProgWin31/CHAP08 POEPOEM.MAK
2000.01.31 14:38 B A:\CHAP08\POEPOEM.RC --> www.charlespetzold.com /pub/ProgWin31/CHAP08 POEPOEM.RC
2000.01.31 14:38 B A:\CHAP08\RESOURC1.C --> www.charlespetzold.com /pub/ProgWin31/CHAP08 RESOURC1.C
2000.01.31 14:38 B A:\CHAP08\RESOURC1.CUR --> www.charlespetzold.com /pub/ProgWin31/CHAP08 RESOURC1.CUR
2000.01.31 14:38 B A:\CHAP08\RESOURC1.DEF --> www.charlespetzold.com /pub/ProgWin31/CHAP08 RESOURC1.DEF
2000.01.31 14:38 B A:\CHAP08\RESOURC1.EXE --> www.charlespetzold.com /pub/ProgWin31/CHAP08 RESOURC1.EXE
2000.01.31 14:38 B A:\CHAP08\RESOURC1.ICO --> www.charlespetzold.com /pub/ProgWin31/CHAP08 RESOURC1.ICO
2000.01.31 14:38 B A:\CHAP08\RESOURC1.MAK --> www.charlespetzold.com /pub/ProgWin31/CHAP08 RESOURC1.MAK
2000.01.31 14:38 B A:\CHAP08\RESOURC1.RC --> www.charlespetzold.com /pub/ProgWin31/CHAP08 RESOURC1.RC
2000.01.31 14:38 B A:\CHAP08\RESOURC2.BMP --> www.charlespetzold.com /pub/ProgWin31/CHAP08 RESOURC2.BMP
2000.01.31 14:38 B A:\CHAP08\RESOURC2.C --> www.charlespetzold.com /pub/ProgWin31/CHAP08 RESOURC2.C
2000.01.31 14:38 B A:\CHAP08\RESOURC2.CUR --> www.charlespetzold.com /pub/ProgWin31/CHAP08 RESOURC2.CUR
2000.01.31 14:38 B A:\CHAP08\RESOURC2.DEF --> www.charlespetzold.com /pub/ProgWin31/CHAP08 RESOURC2.DEF
2000.01.31 14:38 B A:\CHAP08\RESOURC2.EXE --> www.charlespetzold.com /pub/ProgWin31/CHAP08 RESOURC2.EXE
2000.01.31 14:38 B A:\CHAP08\RESOURC2.ICO --> www.charlespetzold.com /pub/ProgWin31/CHAP08 RESOURC2.ICO
2000.01.31 14:38 B A:\CHAP08\RESOURC2.MAK --> www.charlespetzold.com /pub/ProgWin31/CHAP08 RESOURC2.MAK
2000.01.31 14:38 B A:\CHAP08\RESOURC2.RC --> www.charlespetzold.com /pub/ProgWin31/CHAP08 RESOURC2.RC
