2000.01.31 14:42 B A:\CHAP12\ARCS.C --> www.charlespetzold.com /pub/ProgWin31/CHAP12 ARCS.C
2000.01.31 14:42 B A:\CHAP12\ARCS.DEF --> www.charlespetzold.com /pub/ProgWin31/CHAP12 ARCS.DEF
2000.01.31 14:42 B A:\CHAP12\ARCS.EXE --> www.charlespetzold.com /pub/ProgWin31/CHAP12 ARCS.EXE
2000.01.31 14:42 B A:\CHAP12\ARCS.H --> www.charlespetzold.com /pub/ProgWin31/CHAP12 ARCS.H
2000.01.31 14:42 B A:\CHAP12\ARCS.MAK --> www.charlespetzold.com /pub/ProgWin31/CHAP12 ARCS.MAK
2000.01.31 14:42 B A:\CHAP12\ARCS.RC --> www.charlespetzold.com /pub/ProgWin31/CHAP12 ARCS.RC
2000.01.31 14:42 B A:\CHAP12\CLOVER.C --> www.charlespetzold.com /pub/ProgWin31/CHAP12 CLOVER.C
2000.01.31 14:42 B A:\CHAP12\CLOVER.DEF --> www.charlespetzold.com /pub/ProgWin31/CHAP12 CLOVER.DEF
2000.01.31 14:42 B A:\CHAP12\CLOVER.EXE --> www.charlespetzold.com /pub/ProgWin31/CHAP12 CLOVER.EXE
2000.01.31 14:42 B A:\CHAP12\CLOVER.MAK --> www.charlespetzold.com /pub/ProgWin31/CHAP12 CLOVER.MAK
2000.01.31 14:42 B A:\CHAP12\LINEDDA.C --> www.charlespetzold.com /pub/ProgWin31/CHAP12 LINEDDA.C
2000.01.31 14:42 B A:\CHAP12\LINEDDA.DEF --> www.charlespetzold.com /pub/ProgWin31/CHAP12 LINEDDA.DEF
2000.01.31 14:42 B A:\CHAP12\LINEDDA.EXE --> www.charlespetzold.com /pub/ProgWin31/CHAP12 LINEDDA.EXE
2000.01.31 14:42 B A:\CHAP12\LINEDDA.MAK --> www.charlespetzold.com /pub/ProgWin31/CHAP12 LINEDDA.MAK
2000.01.31 14:42 B A:\CHAP12\RANDRECT.C --> www.charlespetzold.com /pub/ProgWin31/CHAP12 RANDRECT.C
2000.01.31 14:42 B A:\CHAP12\RANDRECT.DEF --> www.charlespetzold.com /pub/ProgWin31/CHAP12 RANDRECT.DEF
2000.01.31 14:42 B A:\CHAP12\RANDRECT.EXE --> www.charlespetzold.com /pub/ProgWin31/CHAP12 RANDRECT.EXE
2000.01.31 14:42 B A:\CHAP12\RANDRECT.MAK --> www.charlespetzold.com /pub/ProgWin31/CHAP12 RANDRECT.MAK
2000.01.31 14:42 B A:\CHAP12\ROP2LOOK.C --> www.charlespetzold.com /pub/ProgWin31/CHAP12 ROP2LOOK.C
2000.01.31 14:42 B A:\CHAP12\ROP2LOOK.DEF --> www.charlespetzold.com /pub/ProgWin31/CHAP12 ROP2LOOK.DEF
2000.01.31 14:42 B A:\CHAP12\ROP2LOOK.EXE --> www.charlespetzold.com /pub/ProgWin31/CHAP12 ROP2LOOK.EXE
2000.01.31 14:42 B A:\CHAP12\ROP2LOOK.MAK --> www.charlespetzold.com /pub/ProgWin31/CHAP12 ROP2LOOK.MAK
2000.01.31 14:42 B A:\CHAP12\ROP2LOOK.RC --> www.charlespetzold.com /pub/ProgWin31/CHAP12 ROP2LOOK.RC
