2000.01.31 14:47 B A:\CHAP19\BITLIB.C --> www.charlespetzold.com /pub/ProgWin31/CHAP19 BITLIB.C
2000.01.31 14:47 B A:\CHAP19\BITLIB.DEF --> www.charlespetzold.com /pub/ProgWin31/CHAP19 BITLIB.DEF
2000.01.31 14:47 B A:\CHAP19\BITLIB.DLL --> www.charlespetzold.com /pub/ProgWin31/CHAP19 BITLIB.DLL
2000.01.31 14:47 B A:\CHAP19\BITLIB.MAK --> www.charlespetzold.com /pub/ProgWin31/CHAP19 BITLIB.MAK
2000.01.31 14:47 B A:\CHAP19\BITLIB.RC --> www.charlespetzold.com /pub/ProgWin31/CHAP19 BITLIB.RC
2000.01.31 14:47 B A:\CHAP19\BITMAP1.BMP --> www.charlespetzold.com /pub/ProgWin31/CHAP19 BITMAP1.BMP
2000.01.31 14:47 B A:\CHAP19\BITMAP2.BMP --> www.charlespetzold.com /pub/ProgWin31/CHAP19 BITMAP2.BMP
2000.01.31 14:47 B A:\CHAP19\BITMAP3.BMP --> www.charlespetzold.com /pub/ProgWin31/CHAP19 BITMAP3.BMP
2000.01.31 14:47 B A:\CHAP19\BITMAP4.BMP --> www.charlespetzold.com /pub/ProgWin31/CHAP19 BITMAP4.BMP
2000.01.31 14:47 B A:\CHAP19\BITMAP5.BMP --> www.charlespetzold.com /pub/ProgWin31/CHAP19 BITMAP5.BMP
2000.01.31 14:47 B A:\CHAP19\BITMAP6.BMP --> www.charlespetzold.com /pub/ProgWin31/CHAP19 BITMAP6.BMP
2000.01.31 14:47 B A:\CHAP19\BITMAP7.BMP --> www.charlespetzold.com /pub/ProgWin31/CHAP19 BITMAP7.BMP
2000.01.31 14:47 B A:\CHAP19\BITMAP8.BMP --> www.charlespetzold.com /pub/ProgWin31/CHAP19 BITMAP8.BMP
2000.01.31 14:47 B A:\CHAP19\BITMAP9.BMP --> www.charlespetzold.com /pub/ProgWin31/CHAP19 BITMAP9.BMP
2000.01.31 14:47 B A:\CHAP19\SHOWBIT.C --> www.charlespetzold.com /pub/ProgWin31/CHAP19 SHOWBIT.C
2000.01.31 14:47 B A:\CHAP19\SHOWBIT.DEF --> www.charlespetzold.com /pub/ProgWin31/CHAP19 SHOWBIT.DEF
2000.01.31 14:47 B A:\CHAP19\SHOWBIT.EXE --> www.charlespetzold.com /pub/ProgWin31/CHAP19 SHOWBIT.EXE
2000.01.31 14:47 B A:\CHAP19\SHOWBIT.MAK --> www.charlespetzold.com /pub/ProgWin31/CHAP19 SHOWBIT.MAK
2000.01.31 14:47 B A:\CHAP19\STRLIB.C --> www.charlespetzold.com /pub/ProgWin31/CHAP19 STRLIB.C
2000.01.31 14:47 B A:\CHAP19\STRLIB.DEF --> www.charlespetzold.com /pub/ProgWin31/CHAP19 STRLIB.DEF
2000.01.31 14:47 B A:\CHAP19\STRLIB.DLL --> www.charlespetzold.com /pub/ProgWin31/CHAP19 STRLIB.DLL
2000.01.31 14:47 B A:\CHAP19\STRLIB.H --> www.charlespetzold.com /pub/ProgWin31/CHAP19 STRLIB.H
2000.01.31 14:47 B A:\CHAP19\STRLIB.MAK --> www.charlespetzold.com /pub/ProgWin31/CHAP19 STRLIB.MAK
2000.01.31 14:47 B A:\CHAP19\STRPROG.C --> www.charlespetzold.com /pub/ProgWin31/CHAP19 STRPROG.C
2000.01.31 14:47 B A:\CHAP19\STRPROG.DEF --> www.charlespetzold.com /pub/ProgWin31/CHAP19 STRPROG.DEF
2000.01.31 14:47 B A:\CHAP19\STRPROG.EXE --> www.charlespetzold.com /pub/ProgWin31/CHAP19 STRPROG.EXE
2000.01.31 14:48 B A:\CHAP19\STRPROG.H --> www.charlespetzold.com /pub/ProgWin31/CHAP19 STRPROG.H
2000.01.31 14:48 B A:\CHAP19\STRPROG.MAK --> www.charlespetzold.com /pub/ProgWin31/CHAP19 STRPROG.MAK
2000.01.31 14:48 B A:\CHAP19\STRPROG.RC --> www.charlespetzold.com /pub/ProgWin31/CHAP19 STRPROG.RC
