2000.01.31 14:46 B A:\CHAP17\DDEPOP.H --> www.charlespetzold.com /pub/ProgWin31/CHAP17 DDEPOP.H
2000.01.31 14:46 B A:\CHAP17\DDEPOP.ICO --> www.charlespetzold.com /pub/ProgWin31/CHAP17 DDEPOP.ICO
2000.01.31 14:46 B A:\CHAP17\DDEPOP1.C --> www.charlespetzold.com /pub/ProgWin31/CHAP17 DDEPOP1.C
2000.01.31 14:46 B A:\CHAP17\DDEPOP1.DEF --> www.charlespetzold.com /pub/ProgWin31/CHAP17 DDEPOP1.DEF
2000.01.31 14:46 B A:\CHAP17\DDEPOP1.EXE --> www.charlespetzold.com /pub/ProgWin31/CHAP17 DDEPOP1.EXE
2000.01.31 14:46 B A:\CHAP17\DDEPOP1.MAK --> www.charlespetzold.com /pub/ProgWin31/CHAP17 DDEPOP1.MAK
2000.01.31 14:46 B A:\CHAP17\DDEPOP1.RC --> www.charlespetzold.com /pub/ProgWin31/CHAP17 DDEPOP1.RC
2000.01.31 14:46 B A:\CHAP17\DDEPOP2.C --> www.charlespetzold.com /pub/ProgWin31/CHAP17 DDEPOP2.C
2000.01.31 14:46 B A:\CHAP17\DDEPOP2.DEF --> www.charlespetzold.com /pub/ProgWin31/CHAP17 DDEPOP2.DEF
2000.01.31 14:46 B A:\CHAP17\DDEPOP2.EXE --> www.charlespetzold.com /pub/ProgWin31/CHAP17 DDEPOP2.EXE
2000.01.31 14:46 B A:\CHAP17\DDEPOP2.MAK --> www.charlespetzold.com /pub/ProgWin31/CHAP17 DDEPOP2.MAK
2000.01.31 14:46 B A:\CHAP17\DDEPOP2.RC --> www.charlespetzold.com /pub/ProgWin31/CHAP17 DDEPOP2.RC
2000.01.31 14:46 B A:\CHAP17\SHOWPOP.H --> www.charlespetzold.com /pub/ProgWin31/CHAP17 SHOWPOP.H
2000.01.31 14:46 B A:\CHAP17\SHOWPOP1.C --> www.charlespetzold.com /pub/ProgWin31/CHAP17 SHOWPOP1.C
2000.01.31 14:46 B A:\CHAP17\SHOWPOP1.DEF --> www.charlespetzold.com /pub/ProgWin31/CHAP17 SHOWPOP1.DEF
2000.01.31 14:46 B A:\CHAP17\SHOWPOP1.EXE --> www.charlespetzold.com /pub/ProgWin31/CHAP17 SHOWPOP1.EXE
2000.01.31 14:46 B A:\CHAP17\SHOWPOP1.MAK --> www.charlespetzold.com /pub/ProgWin31/CHAP17 SHOWPOP1.MAK
2000.01.31 14:46 B A:\CHAP17\SHOWPOP2.C --> www.charlespetzold.com /pub/ProgWin31/CHAP17 SHOWPOP2.C
2000.01.31 14:46 B A:\CHAP17\SHOWPOP2.DEF --> www.charlespetzold.com /pub/ProgWin31/CHAP17 SHOWPOP2.DEF
2000.01.31 14:46 B A:\CHAP17\SHOWPOP2.EXE --> www.charlespetzold.com /pub/ProgWin31/CHAP17 SHOWPOP2.EXE
2000.01.31 14:47 B A:\CHAP17\SHOWPOP2.MAK --> www.charlespetzold.com /pub/ProgWin31/CHAP17 SHOWPOP2.MAK
